<?xml version="1.0" encoding="UTF-8"?>
<!-- Generated by org.testng.reporters.JUnitXMLReporter -->
<testsuite ignored="0" hostname="karima-hp" failures="12" tests="18" name="Tutorialsninja Tests" time="87.039" errors="0" timestamp="2023-04-10T21:19:21 EDT">
  <testcase classname="com.tutorialsninja.qa.testcases.RegisterTest" name="VerifyRegisteringAnAccountUsingValidCredentials" time="0.014">
    <failure type="java.lang.IllegalArgumentException" message="Keys to send should be a not null CharSequence">
      <![CDATA[java.lang.IllegalArgumentException: Keys to send should be a not null CharSequence
at org.openqa.selenium.remote.RemoteWebElement.sendKeys(RemoteWebElement.java:98)
at com.tutorialsninja.qa.testcases.RegisterTest.VerifyRegisteringAnAccountUsingValidCredentials(RegisterTest.java:36)
at java.base/java.util.ArrayList.forEach(ArrayList.java:1511)
... Removed 27 stack frames]]>
    </failure>
  </testcase> <!-- VerifyRegisteringAnAccountUsingValidCredentials -->
  <testcase classname="com.tutorialsninja.qa.testcases.RegisterTest" name="VerifyRegisteringanAccountbyprovidingAllfields" time="0.013">
    <failure type="java.lang.IllegalArgumentException" message="Keys to send should be a not null CharSequence">
      <![CDATA[java.lang.IllegalArgumentException: Keys to send should be a not null CharSequence
at org.openqa.selenium.remote.RemoteWebElement.sendKeys(RemoteWebElement.java:98)
at com.tutorialsninja.qa.testcases.RegisterTest.VerifyRegisteringanAccountbyprovidingAllfields(RegisterTest.java:55)
at java.base/java.util.ArrayList.forEach(ArrayList.java:1511)
... Removed 27 stack frames]]>
    </failure>
  </testcase> <!-- VerifyRegisteringanAccountbyprovidingAllfields -->
  <testcase classname="com.tutorialsninja.qa.testcases.RegisterTest" name="VerifyRegisteringanAccountWithoutEntringAnydetails" time="0.403">
    <failure type="java.lang.AssertionError" message="policy Warning Message is not displayed expected [null] but found [Warning: You must agree to the Privacy Policy!]">
      <![CDATA[java.lang.AssertionError: policy Warning Message is not displayed expected [null] but found [Warning: You must agree to the Privacy Policy!]
at com.tutorialsninja.qa.testcases.RegisterTest.VerifyRegisteringanAccountWithoutEntringAnydetails(RegisterTest.java:98)
at java.base/java.util.ArrayList.forEach(ArrayList.java:1511)
... Removed 32 stack frames]]>
    </failure>
  </testcase> <!-- VerifyRegisteringanAccountWithoutEntringAnydetails -->
  <testcase classname="com.tutorialsninja.qa.testcases.RegisterTest" name="VerifyRegisteringanAccountbyregistringWithExistingEmailAdress" time="0.012">
    <failure type="java.lang.IllegalArgumentException" message="Keys to send should be a not null CharSequence">
      <![CDATA[java.lang.IllegalArgumentException: Keys to send should be a not null CharSequence
at org.openqa.selenium.remote.RemoteWebElement.sendKeys(RemoteWebElement.java:98)
at com.tutorialsninja.qa.testcases.RegisterTest.VerifyRegisteringanAccountbyregistringWithExistingEmailAdress(RegisterTest.java:74)
at java.base/java.util.ArrayList.forEach(ArrayList.java:1511)
... Removed 27 stack frames]]>
    </failure>
  </testcase> <!-- VerifyRegisteringanAccountbyregistringWithExistingEmailAdress -->
  <testcase classname="com.tutorialsninja.qa.testcases.LoginTest" name="VerifyLoggingintoTheApplicationUsingValidCredentials" time="0.838"/>
  <testcase classname="com.tutorialsninja.qa.testcases.LoginTest" name="VerifyLoggingintoTheApplicationUsingValidCredentials" time="0.792"/>
  <testcase classname="com.tutorialsninja.qa.testcases.LoginTest" name="VerifyLoggingintoTheApplicationUsingValidCredentials" time="0.808"/>
  <testcase classname="com.tutorialsninja.qa.testcases.LoginTest" name="VerifyLoggingintoTheApplicationUsingValidCredentials" time="0.833"/>
  <testcase classname="com.tutorialsninja.qa.testcases.LoginTest" name="VerifyLoggingintoTheApplicationUsingValidCredentials" time="0.825"/>
  <testcase classname="com.tutorialsninja.qa.testcases.LoginTest" name="VerifyLoggingintoTheApplicationUsingValidCredentials" time="0.819"/>
  <testcase classname="com.tutorialsninja.qa.testcases.LoginTest" name="VerifyLoggingintoTheApplicationUsingInvalidUsernameAndValidPassword" time="0.545">
    <failure type="java.lang.NullPointerException" message="Cannot invoke &amp;quot;java.lang.CharSequence.toString()&amp;quot; because &amp;quot;s&amp;quot; is null">
      <![CDATA[java.lang.NullPointerException: Cannot invoke "java.lang.CharSequence.toString()" because "s" is null
at java.base/java.lang.String.contains(String.java:2854)
at com.tutorialsninja.qa.testcases.LoginTest.VerifyLoggingintoTheApplicationUsingInvalidUsernameAndValidPassword(LoginTest.java:70)
at java.base/java.util.ArrayList.forEach(ArrayList.java:1511)
... Removed 27 stack frames]]>
    </failure>
  </testcase> <!-- VerifyLoggingintoTheApplicationUsingInvalidUsernameAndValidPassword -->
  <testcase classname="com.tutorialsninja.qa.testcases.LoginTest" name="VerifyLoggingintoTheApplicationUsingValidUsernameAndInvalidPasswordd" time="0.528">
    <failure type="java.lang.NullPointerException" message="Cannot invoke &amp;quot;java.lang.CharSequence.toString()&amp;quot; because &amp;quot;s&amp;quot; is null">
      <![CDATA[java.lang.NullPointerException: Cannot invoke "java.lang.CharSequence.toString()" because "s" is null
at java.base/java.lang.String.contains(String.java:2854)
at com.tutorialsninja.qa.testcases.LoginTest.VerifyLoggingintoTheApplicationUsingValidUsernameAndInvalidPasswordd(LoginTest.java:85)
at java.base/java.util.ArrayList.forEach(ArrayList.java:1511)
... Removed 27 stack frames]]>
    </failure>
  </testcase> <!-- VerifyLoggingintoTheApplicationUsingValidUsernameAndInvalidPasswordd -->
  <testcase classname="com.tutorialsninja.qa.testcases.LoginTest" name="VerifyLoggingintoTheApplicationUsingEmptyUsernameAndValidPassworddd" time="0.475">
    <failure type="java.lang.NullPointerException" message="Cannot invoke &amp;quot;java.lang.CharSequence.toString()&amp;quot; because &amp;quot;s&amp;quot; is null">
      <![CDATA[java.lang.NullPointerException: Cannot invoke "java.lang.CharSequence.toString()" because "s" is null
at java.base/java.lang.String.contains(String.java:2854)
at com.tutorialsninja.qa.testcases.LoginTest.VerifyLoggingintoTheApplicationUsingEmptyUsernameAndValidPassworddd(LoginTest.java:100)
at java.base/java.util.ArrayList.forEach(ArrayList.java:1511)
... Removed 27 stack frames]]>
    </failure>
  </testcase> <!-- VerifyLoggingintoTheApplicationUsingEmptyUsernameAndValidPassworddd -->
  <testcase classname="com.tutorialsninja.qa.testcases.LoginTest" name="VerifyLoggingintoTheApplicationUsingValidUsernameAndEmptyPassworddd" time="0.49">
    <failure type="java.lang.NullPointerException" message="Cannot invoke &amp;quot;java.lang.CharSequence.toString()&amp;quot; because &amp;quot;s&amp;quot; is null">
      <![CDATA[java.lang.NullPointerException: Cannot invoke "java.lang.CharSequence.toString()" because "s" is null
at java.base/java.lang.String.contains(String.java:2854)
at com.tutorialsninja.qa.testcases.LoginTest.VerifyLoggingintoTheApplicationUsingValidUsernameAndEmptyPassworddd(LoginTest.java:115)
at java.base/java.util.ArrayList.forEach(ArrayList.java:1511)
... Removed 27 stack frames]]>
    </failure>
  </testcase> <!-- VerifyLoggingintoTheApplicationUsingValidUsernameAndEmptyPassworddd -->
  <testcase classname="com.tutorialsninja.qa.testcases.LoginTest" name="VerifyLoggingintoTheApplicationUsingEmptyUsernameAndEmptyPassworddd" time="0.419">
    <failure type="java.lang.NullPointerException" message="Cannot invoke &amp;quot;java.lang.CharSequence.toString()&amp;quot; because &amp;quot;s&amp;quot; is null">
      <![CDATA[java.lang.NullPointerException: Cannot invoke "java.lang.CharSequence.toString()" because "s" is null
at java.base/java.lang.String.contains(String.java:2854)
at com.tutorialsninja.qa.testcases.LoginTest.VerifyLoggingintoTheApplicationUsingEmptyUsernameAndEmptyPassworddd(LoginTest.java:129)
at java.base/java.util.ArrayList.forEach(ArrayList.java:1511)
... Removed 27 stack frames]]>
    </failure>
  </testcase> <!-- VerifyLoggingintoTheApplicationUsingEmptyUsernameAndEmptyPassworddd -->
  <testcase classname="com.tutorialsninja.qa.testcases.SearchTest" name="verifySearchWithValidProduct" time="0.013">
    <failure type="java.lang.IllegalArgumentException" message="Keys to send should be a not null CharSequence">
      <![CDATA[java.lang.IllegalArgumentException: Keys to send should be a not null CharSequence
at org.openqa.selenium.remote.RemoteWebElement.sendKeys(RemoteWebElement.java:98)
at com.tutorialsninja.qa.testcases.SearchTest.verifySearchWithValidProduct(SearchTest.java:26)
at java.base/java.util.ArrayList.forEach(ArrayList.java:1511)
... Removed 27 stack frames]]>
    </failure>
  </testcase> <!-- verifySearchWithValidProduct -->
  <testcase classname="com.tutorialsninja.qa.testcases.SearchTest" name="verifySearchwithInvalidproduct" time="0.014">
    <failure type="java.lang.IllegalArgumentException" message="Keys to send should be a not null CharSequence">
      <![CDATA[java.lang.IllegalArgumentException: Keys to send should be a not null CharSequence
at org.openqa.selenium.remote.RemoteWebElement.sendKeys(RemoteWebElement.java:98)
at com.tutorialsninja.qa.testcases.SearchTest.verifySearchwithInvalidproduct(SearchTest.java:35)
at java.base/java.util.ArrayList.forEach(ArrayList.java:1511)
... Removed 27 stack frames]]>
    </failure>
  </testcase> <!-- verifySearchwithInvalidproduct -->
  <testcase classname="com.tutorialsninja.qa.testcases.SearchTest" name="verifySearchWithoutAnyproduct" time="0.459">
    <failure type="java.lang.AssertionError" message="No product in search List is not displayed expected [null] but found [There is no product that matches the search criteria.]">
      <![CDATA[java.lang.AssertionError: No product in search List is not displayed expected [null] but found [There is no product that matches the search criteria.]
at com.tutorialsninja.qa.testcases.SearchTest.verifySearchWithoutAnyproduct(SearchTest.java:50)
at java.base/java.util.ArrayList.forEach(ArrayList.java:1511)
... Removed 32 stack frames]]>
    </failure>
  </testcase> <!-- verifySearchWithoutAnyproduct -->
</testsuite> <!-- Tutorialsninja Tests -->
